{"numFailedTestSuites":0,"numFailedTests":0,"numPassedTestSuites":1,"numPassedTests":7,"numPendingTestSuites":0,"numPendingTests":0,"numRuntimeErrorTestSuites":0,"numTodoTests":0,"numTotalTestSuites":1,"numTotalTests":7,"openHandles":[],"snapshot":{"added":0,"didUpdate":false,"failure":false,"filesAdded":0,"filesRemoved":0,"filesRemovedList":[],"filesUnmatched":0,"filesUpdated":0,"matched":0,"total":0,"unchecked":0,"uncheckedKeysByFile":[],"unmatched":0,"updated":0},"startTime":1760478870109,"success":true,"testResults":[{"assertionResults":[{"ancestorTitles":["Authentication Utilities","Password Hashing"],"duration":177,"failing":false,"failureDetails":[],"failureMessages":[],"fullName":"Authentication Utilities Password Hashing should hash a password","invocations":1,"location":null,"numPassingAsserts":3,"retryReasons":[],"startAt":1760478871051,"status":"passed","title":"should hash a password"},{"ancestorTitles":["Authentication Utilities","Password Hashing"],"duration":205,"failing":false,"failureDetails":[],"failureMessages":[],"fullName":"Authentication Utilities Password Hashing should verify correct password","invocations":1,"location":null,"numPassingAsserts":1,"retryReasons":[],"startAt":1760478871229,"status":"passed","title":"should verify correct password"},{"ancestorTitles":["Authentication Utilities","Password Hashing"],"duration":194,"failing":false,"failureDetails":[],"failureMessages":[],"fullName":"Authentication Utilities Password Hashing should reject incorrect password","invocations":1,"location":null,"numPassingAsserts":1,"retryReasons":[],"startAt":1760478871435,"status":"passed","title":"should reject incorrect password"},{"ancestorTitles":["Authentication Utilities","JWT Token Generation"],"duration":5,"failing":false,"failureDetails":[],"failureMessages":[],"fullName":"Authentication Utilities JWT Token Generation should generate a valid JWT token","invocations":1,"location":null,"numPassingAsserts":3,"retryReasons":[],"startAt":1760478871629,"status":"passed","title":"should generate a valid JWT token"},{"ancestorTitles":["Authentication Utilities","JWT Token Generation"],"duration":5,"failing":false,"failureDetails":[],"failureMessages":[],"fullName":"Authentication Utilities JWT Token Generation should verify a valid JWT token","invocations":1,"location":null,"numPassingAsserts":3,"retryReasons":[],"startAt":1760478871634,"status":"passed","title":"should verify a valid JWT token"},{"ancestorTitles":["Authentication Utilities","JWT Token Generation"],"duration":11,"failing":false,"failureDetails":[],"failureMessages":[],"fullName":"Authentication Utilities JWT Token Generation should reject invalid JWT token","invocations":1,"location":null,"numPassingAsserts":1,"retryReasons":[],"startAt":1760478871639,"status":"passed","title":"should reject invalid JWT token"},{"ancestorTitles":["Authentication Utilities","JWT Token Generation"],"duration":3,"failing":false,"failureDetails":[],"failureMessages":[],"fullName":"Authentication Utilities JWT Token Generation should include expiration in token","invocations":1,"location":null,"numPassingAsserts":2,"retryReasons":[],"startAt":1760478871650,"status":"passed","title":"should include expiration in token"}],"endTime":1760478871657,"message":"","name":"D:\\Websites\\party-playlist-request\\tests\\unit\\auth.spec.ts","startTime":1760478870505,"status":"passed","summary":""}],"wasInterrupted":false}
